  report.cpp
C:\Users\cgud1047\Desktop\report\report\report.cpp(67,3): error C3861: 'locate': 識別子が見つかりませんでした
C:\Users\cgud1047\Desktop\report\report\report.cpp(68,3): error C3861: 'prints': 識別子が見つかりませんでした
C:\Users\cgud1047\Desktop\report\report\report.cpp(87,3): error C3861: 'locate': 識別子が見つかりませんでした
C:\Users\cgud1047\Desktop\report\report\report.cpp(88,3): error C3861: 'prints': 識別子が見つかりませんでした
C:\Users\cgud1047\Desktop\report\report\report.cpp(89,3): error C3861: 'locate': 識別子が見つかりませんでした
C:\Users\cgud1047\Desktop\report\report\report.cpp(109,4): error C3861: 'locate': 識別子が見つかりませんでした
C:\Users\cgud1047\Desktop\report\report\report.cpp(110,4): error C3861: 'prints': 識別子が見つかりませんでした
C:\Users\cgud1047\Desktop\report\report\report.cpp(112,4): error C3861: 'locate': 識別子が見つかりませんでした
C:\Users\cgud1047\Desktop\report\report\report.cpp(113,4): error C3861: 'prints': 識別子が見つかりませんでした
C:\Users\cgud1047\Desktop\report\report\report.cpp(114,4): error C3861: 'locate': 識別子が見つかりませんでした
C:\Users\cgud1047\Desktop\report\report\report.cpp(115,4): error C3861: 'prints': 識別子が見つかりませんでした
C:\Users\cgud1047\Desktop\report\report\report.cpp(116,4): error C3861: 'locate': 識別子が見つかりませんでした
C:\Users\cgud1047\Desktop\report\report\report.cpp(117,4): error C3861: 'prints': 識別子が見つかりませんでした
C:\Users\cgud1047\Desktop\report\report\report.cpp(118,4): error C3861: 'locate': 識別子が見つかりませんでした
C:\Users\cgud1047\Desktop\report\report\report.cpp(119,4): error C3861: 'prints': 識別子が見つかりませんでした
C:\Users\cgud1047\Desktop\report\report\report.cpp(126,5): error C3861: 'locate': 識別子が見つかりませんでした
C:\Users\cgud1047\Desktop\report\report\report.cpp(127,5): error C3861: 'prints': 識別子が見つかりませんでした
C:\Users\cgud1047\Desktop\report\report\report.cpp(132,5): error C3861: 'locate': 識別子が見つかりませんでした
C:\Users\cgud1047\Desktop\report\report\report.cpp(133,5): error C3861: 'prints': 識別子が見つかりませんでした
C:\Users\cgud1047\Desktop\report\report\report.cpp(134,5): error C3861: 'locate': 識別子が見つかりませんでした
C:\Users\cgud1047\Desktop\report\report\report.cpp(135,5): error C3861: 'prints': 識別子が見つかりませんでした
C:\Users\cgud1047\Desktop\report\report\report.cpp(146,4): error C3861: 'locate': 識別子が見つかりませんでした
C:\Users\cgud1047\Desktop\report\report\report.cpp(147,4): error C3861: 'prints': 識別子が見つかりませんでした
C:\Users\cgud1047\Desktop\report\report\report.cpp(149,4): error C3861: 'locate': 識別子が見つかりませんでした
C:\Users\cgud1047\Desktop\report\report\report.cpp(150,4): error C3861: 'prints': 識別子が見つかりませんでした
C:\Users\cgud1047\Desktop\report\report\report.cpp(151,4): error C3861: 'locate': 識別子が見つかりませんでした
C:\Users\cgud1047\Desktop\report\report\report.cpp(152,4): error C3861: 'prints': 識別子が見つかりませんでした
C:\Users\cgud1047\Desktop\report\report\report.cpp(153,4): error C3861: 'locate': 識別子が見つかりませんでした
C:\Users\cgud1047\Desktop\report\report\report.cpp(154,4): error C3861: 'prints': 識別子が見つかりませんでした
C:\Users\cgud1047\Desktop\report\report\report.cpp(155,4): error C3861: 'locate': 識別子が見つかりませんでした
C:\Users\cgud1047\Desktop\report\report\report.cpp(156,4): error C3861: 'prints': 識別子が見つかりませんでした
C:\Users\cgud1047\Desktop\report\report\report.cpp(163,5): error C3861: 'locate': 識別子が見つかりませんでした
C:\Users\cgud1047\Desktop\report\report\report.cpp(164,5): error C3861: 'prints': 識別子が見つかりませんでした
C:\Users\cgud1047\Desktop\report\report\report.cpp(169,5): error C3861: 'locate': 識別子が見つかりませんでした
C:\Users\cgud1047\Desktop\report\report\report.cpp(170,5): error C3861: 'prints': 識別子が見つかりませんでした
C:\Users\cgud1047\Desktop\report\report\report.cpp(171,5): error C3861: 'locate': 識別子が見つかりませんでした
C:\Users\cgud1047\Desktop\report\report\report.cpp(172,5): error C3861: 'prints': 識別子が見つかりませんでした
C:\Users\cgud1047\Desktop\report\report\report.cpp(183,4): error C3861: 'locate': 識別子が見つかりませんでした
C:\Users\cgud1047\Desktop\report\report\report.cpp(184,4): error C3861: 'prints': 識別子が見つかりませんでした
C:\Users\cgud1047\Desktop\report\report\report.cpp(186,4): error C3861: 'locate': 識別子が見つかりませんでした
C:\Users\cgud1047\Desktop\report\report\report.cpp(187,4): error C3861: 'prints': 識別子が見つかりませんでした
C:\Users\cgud1047\Desktop\report\report\report.cpp(188,4): error C3861: 'locate': 識別子が見つかりませんでした
C:\Users\cgud1047\Desktop\report\report\report.cpp(189,4): error C3861: 'prints': 識別子が見つかりませんでした
C:\Users\cgud1047\Desktop\report\report\report.cpp(190,4): error C3861: 'locate': 識別子が見つかりませんでした
C:\Users\cgud1047\Desktop\report\report\report.cpp(191,4): error C3861: 'prints': 識別子が見つかりませんでした
C:\Users\cgud1047\Desktop\report\report\report.cpp(192,4): error C3861: 'locate': 識別子が見つかりませんでした
C:\Users\cgud1047\Desktop\report\report\report.cpp(193,4): error C3861: 'prints': 識別子が見つかりませんでした
C:\Users\cgud1047\Desktop\report\report\report.cpp(200,5): error C3861: 'locate': 識別子が見つかりませんでした
C:\Users\cgud1047\Desktop\report\report\report.cpp(201,5): error C3861: 'prints': 識別子が見つかりませんでした
C:\Users\cgud1047\Desktop\report\report\report.cpp(206,5): error C3861: 'locate': 識別子が見つかりませんでした
C:\Users\cgud1047\Desktop\report\report\report.cpp(207,5): error C3861: 'prints': 識別子が見つかりませんでした
C:\Users\cgud1047\Desktop\report\report\report.cpp(208,5): error C3861: 'locate': 識別子が見つかりませんでした
C:\Users\cgud1047\Desktop\report\report\report.cpp(209,5): error C3861: 'prints': 識別子が見つかりませんでした
C:\Users\cgud1047\Desktop\report\report\report.cpp(220,4): error C3861: 'locate': 識別子が見つかりませんでした
C:\Users\cgud1047\Desktop\report\report\report.cpp(221,4): error C3861: 'prints': 識別子が見つかりませんでした
C:\Users\cgud1047\Desktop\report\report\report.cpp(223,4): error C3861: 'locate': 識別子が見つかりませんでした
C:\Users\cgud1047\Desktop\report\report\report.cpp(224,4): error C3861: 'prints': 識別子が見つかりませんでした
C:\Users\cgud1047\Desktop\report\report\report.cpp(225,4): error C3861: 'locate': 識別子が見つかりませんでした
C:\Users\cgud1047\Desktop\report\report\report.cpp(226,4): error C3861: 'prints': 識別子が見つかりませんでした
C:\Users\cgud1047\Desktop\report\report\report.cpp(227,4): error C3861: 'locate': 識別子が見つかりませんでした
C:\Users\cgud1047\Desktop\report\report\report.cpp(228,4): error C3861: 'prints': 識別子が見つかりませんでした
C:\Users\cgud1047\Desktop\report\report\report.cpp(229,4): error C3861: 'locate': 識別子が見つかりませんでした
C:\Users\cgud1047\Desktop\report\report\report.cpp(230,4): error C3861: 'prints': 識別子が見つかりませんでした
C:\Users\cgud1047\Desktop\report\report\report.cpp(237,5): error C3861: 'locate': 識別子が見つかりませんでした
C:\Users\cgud1047\Desktop\report\report\report.cpp(238,5): error C3861: 'prints': 識別子が見つかりませんでした
C:\Users\cgud1047\Desktop\report\report\report.cpp(243,5): error C3861: 'locate': 識別子が見つかりませんでした
C:\Users\cgud1047\Desktop\report\report\report.cpp(244,5): error C3861: 'prints': 識別子が見つかりませんでした
C:\Users\cgud1047\Desktop\report\report\report.cpp(245,5): error C3861: 'locate': 識別子が見つかりませんでした
C:\Users\cgud1047\Desktop\report\report\report.cpp(246,5): error C3861: 'prints': 識別子が見つかりませんでした
C:\Users\cgud1047\Desktop\report\report\report.cpp(257,4): error C3861: 'locate': 識別子が見つかりませんでした
C:\Users\cgud1047\Desktop\report\report\report.cpp(258,4): error C3861: 'prints': 識別子が見つかりませんでした
C:\Users\cgud1047\Desktop\report\report\report.cpp(260,4): error C3861: 'locate': 識別子が見つかりませんでした
C:\Users\cgud1047\Desktop\report\report\report.cpp(261,4): error C3861: 'prints': 識別子が見つかりませんでした
C:\Users\cgud1047\Desktop\report\report\report.cpp(262,4): error C3861: 'locate': 識別子が見つかりませんでした
C:\Users\cgud1047\Desktop\report\report\report.cpp(263,4): error C3861: 'prints': 識別子が見つかりませんでした
C:\Users\cgud1047\Desktop\report\report\report.cpp(264,4): error C3861: 'locate': 識別子が見つかりませんでした
C:\Users\cgud1047\Desktop\report\report\report.cpp(265,4): error C3861: 'prints': 識別子が見つかりませんでした
C:\Users\cgud1047\Desktop\report\report\report.cpp(266,4): error C3861: 'locate': 識別子が見つかりませんでした
C:\Users\cgud1047\Desktop\report\report\report.cpp(267,4): error C3861: 'prints': 識別子が見つかりませんでした
C:\Users\cgud1047\Desktop\report\report\report.cpp(274,5): error C3861: 'locate': 識別子が見つかりませんでした
C:\Users\cgud1047\Desktop\report\report\report.cpp(275,5): error C3861: 'prints': 識別子が見つかりませんでした
C:\Users\cgud1047\Desktop\report\report\report.cpp(281,5): error C3861: 'locate': 識別子が見つかりませんでした
C:\Users\cgud1047\Desktop\report\report\report.cpp(282,5): error C3861: 'prints': 識別子が見つかりませんでした
C:\Users\cgud1047\Desktop\report\report\report.cpp(283,5): error C3861: 'locate': 識別子が見つかりませんでした
C:\Users\cgud1047\Desktop\report\report\report.cpp(284,5): error C3861: 'prints': 識別子が見つかりませんでした
C:\Users\cgud1047\Desktop\report\report\report.cpp(293,4): error C3861: 'locate': 識別子が見つかりませんでした
C:\Users\cgud1047\Desktop\report\report\report.cpp(294,4): error C3861: 'prints': 識別子が見つかりませんでした
C:\Users\cgud1047\Desktop\report\report\report.cpp(307,3): error C3861: 'locate': 識別子が見つかりませんでした
C:\Users\cgud1047\Desktop\report\report\report.cpp(308,3): error C3861: 'prints': 識別子が見つかりませんでした
C:\Users\cgud1047\Desktop\report\report\report.cpp(335,14): error C3861: 'div': 識別子が見つかりませんでした
C:\Users\cgud1047\Desktop\report\report\report.cpp(336,18): error C3861: 'mod': 識別子が見つかりませんでした
C:\Users\cgud1047\Desktop\report\report\report.cpp(336,14): error C3861: 'div': 識別子が見つかりませんでした
C:\Users\cgud1047\Desktop\report\report\report.cpp(337,19): error C3861: 'mod': 識別子が見つかりませんでした
C:\Users\cgud1047\Desktop\report\report\report.cpp(337,15): error C3861: 'mod': 識別子が見つかりませんでした
C:\Users\cgud1047\Desktop\report\report\report.cpp(350,22): error C3861: 'mod': 識別子が見つかりませんでした
C:\Users\cgud1047\Desktop\report\report\report.cpp(351,9): error C3861: 'div': 識別子が見つかりませんでした
C:\Users\cgud1047\Desktop\report\report\report.cpp(355,22): error C3861: 'mod': 識別子が見つかりませんでした
C:\Users\cgud1047\Desktop\report\report\report.cpp(356,9): error C3861: 'div': 識別子が見つかりませんでした
C:\Users\cgud1047\Desktop\report\report\report.cpp(360,2): error C3861: 'prints': 識別子が見つかりませんでした
C:\Users\cgud1047\Desktop\report\report\report.cpp(395,5): error C3861: 'draw_point': 識別子が見つかりませんでした
C:\Users\cgud1047\Desktop\report\report\report.cpp(409,5): error C3861: 'draw_point': 識別子が見つかりませんでした
C:\Users\cgud1047\Desktop\report\report\report.cpp(409,27): fatal error C1003: プログラム内のエラーが 100 個を超えました。コンパイルは中断されます。
